<?xml version="1.0" encoding="UTF-8"?>
<testsuite name="com.example.springsecurity.SpringSecurityApplicationTests" tests="1" skipped="0" failures="0" errors="0" timestamp="2024-01-07T02:17:17" hostname="BOOK-AKBDRO9VGJ" time="0.864">
  <properties/>
  <testcase name="contextLoads()" classname="com.example.springsecurity.SpringSecurityApplicationTests" time="0.864"/>
  <system-out><![CDATA[
  .   ____          _            __ _ _
 /\\ / ___'_ __ _ _(_)_ __  __ _ \ \ \ \
( ( )\___ | '_ | '_| | '_ \/ _` | \ \ \ \
 \\/  ___)| |_)| | | | | || (_| |  ) ) ) )
  '  |____| .__|_| |_|_| |_\__, | / / / /
 =========|_|==============|___/=/_/_/_/
 :: Spring Boot ::                (v3.2.1)

2024-01-07T11:17:16.896+09:00  INFO 5316 --- [    Test worker] c.e.s.SpringSecurityApplicationTests     : Starting SpringSecurityApplicationTests using Java 21.0.1 with PID 5316 (started by kwonn in C:\Users\kwonn\IdeaProjects\SpringSecurity)
2024-01-07T11:17:16.899+09:00  INFO 5316 --- [    Test worker] c.e.s.SpringSecurityApplicationTests     : No active profile set, falling back to 1 default profile: "default"
2024-01-07T11:17:16.957+09:00  WARN 5316 --- [    Test worker] ironmentPostProcessorApplicationListener : Your Okta Issuer URL is missing. You can copy your domain from the Okta Developer Console. Follow these instructions to find it: https://bit.ly/finding-okta-domain
To fix this add the `okta.oauth2.issuer` property to your application environments.
2024-01-07T11:17:17.510+09:00  INFO 5316 --- [    Test worker] o.s.s.web.DefaultSecurityFilterChain     : Will secure any request with [org.springframework.security.web.session.DisableEncodeUrlFilter@102c577f, org.springframework.security.web.context.request.async.WebAsyncManagerIntegrationFilter@7d44a19, org.springframework.security.web.context.SecurityContextHolderFilter@784abd3e, org.springframework.security.web.header.HeaderWriterFilter@74174a23, org.springframework.security.web.csrf.CsrfFilter@b52b755, org.springframework.security.web.authentication.logout.LogoutFilter@97d0c06, org.springframework.security.web.authentication.UsernamePasswordAuthenticationFilter@23f3da8b, org.springframework.security.web.authentication.ui.DefaultLoginPageGeneratingFilter@5484117b, org.springframework.security.web.authentication.ui.DefaultLogoutPageGeneratingFilter@1fb2d5e, org.springframework.security.web.authentication.www.BasicAuthenticationFilter@6caf7803, org.springframework.security.web.savedrequest.RequestCacheAwareFilter@434514d8, org.springframework.security.web.servletapi.SecurityContextHolderAwareRequestFilter@6b1dc20f, org.springframework.security.web.authentication.AnonymousAuthenticationFilter@1716e8c5, org.springframework.security.web.access.ExceptionTranslationFilter@118ffcfd, org.springframework.security.web.access.intercept.AuthorizationFilter@642f9a77]
2024-01-07T11:17:17.564+09:00  INFO 5316 --- [    Test worker] c.e.s.SpringSecurityApplicationTests     : Started SpringSecurityApplicationTests in 0.925 seconds (process running for 2.174)
]]></system-out>
  <system-err><![CDATA[WARNING: A Java agent has been loaded dynamically (C:\Users\kwonn\.gradle\caches\modules-2\files-2.1\net.bytebuddy\byte-buddy-agent\1.14.10\90ed94ac044ea8953b224304c762316e91fd6b31\byte-buddy-agent-1.14.10.jar)
WARNING: If a serviceability tool is in use, please run with -XX:+EnableDynamicAgentLoading to hide this warning
WARNING: If a serviceability tool is not in use, please run with -Djdk.instrument.traceUsage for more information
WARNING: Dynamic loading of agents will be disallowed by default in a future release
]]></system-err>
</testsuite>
